{"numFailedTestSuites":0,"numFailedTests":0,"numPassedTestSuites":1,"numPassedTests":38,"numPendingTestSuites":0,"numPendingTests":0,"numRuntimeErrorTestSuites":0,"numTodoTests":0,"numTotalTestSuites":1,"numTotalTests":38,"openHandles":[],"snapshot":{"added":0,"didUpdate":false,"failure":false,"filesAdded":0,"filesRemoved":0,"filesRemovedList":[],"filesUnmatched":0,"filesUpdated":0,"matched":0,"total":0,"unchecked":0,"uncheckedKeysByFile":[],"unmatched":0,"updated":0},"startTime":1659424055803,"success":true,"testResults":[{"assertionResults":[{"ancestorTitles":["App.js React Router 설치"],"failureMessages":[],"fullName":"App.js React Router 설치 react-router-dom을 npm 으로 설치해야 합니다. (react-router-dom)","location":null,"status":"passed","title":"react-router-dom을 npm 으로 설치해야 합니다. (react-router-dom)"},{"ancestorTitles":["Sidebar.js Sidebar 컴포넌트"],"failureMessages":[],"fullName":"Sidebar.js Sidebar 컴포넌트 Font Awesome을 이용한 Tweets 메뉴 아이콘이 있어야 합니다.(className : \".far .fa-comment-dots\")","location":null,"status":"passed","title":"Font Awesome을 이용한 Tweets 메뉴 아이콘이 있어야 합니다.(className : \".far .fa-comment-dots\")"},{"ancestorTitles":["Sidebar.js Sidebar 컴포넌트"],"failureMessages":[],"fullName":"Sidebar.js Sidebar 컴포넌트 Font Awesome을 이용한 About 메뉴 아이콘이 있어야 합니다.(className : \".far .fa-question-circle\")","location":null,"status":"passed","title":"Font Awesome을 이용한 About 메뉴 아이콘이 있어야 합니다.(className : \".far .fa-question-circle\")"},{"ancestorTitles":["Sidebar.js Sidebar 컴포넌트"],"failureMessages":[],"fullName":"Sidebar.js Sidebar 컴포넌트 Font Awesome을 이용한 MyPage 메뉴 아이콘이 있어야 합니다.(className : \".far .fa-user\")","location":null,"status":"passed","title":"Font Awesome을 이용한 MyPage 메뉴 아이콘이 있어야 합니다.(className : \".far .fa-user\")"},{"ancestorTitles":["Footer.js Footer 컴포넌트"],"failureMessages":[],"fullName":"Footer.js Footer 컴포넌트 Footer 컴포넌트의 후손 엘리먼트로 시멘틱 엘리먼트 footer가 있어야 합니다.","location":null,"status":"passed","title":"Footer 컴포넌트의 후손 엘리먼트로 시멘틱 엘리먼트 footer가 있어야 합니다."},{"ancestorTitles":["Tweet.js Tweet 컴포넌트","각 트윗은"],"failureMessages":[],"fullName":"Tweet.js Tweet 컴포넌트 각 트윗은 트윗 저자의 프로필 사진이 있어야 합니다.","location":null,"status":"passed","title":"트윗 저자의 프로필 사진이 있어야 합니다."},{"ancestorTitles":["Tweet.js Tweet 컴포넌트","각 트윗은"],"failureMessages":[],"fullName":"Tweet.js Tweet 컴포넌트 각 트윗은 유져 이름이 있어야 합니다.","location":null,"status":"passed","title":"유져 이름이 있어야 합니다."},{"ancestorTitles":["Tweet.js Tweet 컴포넌트","각 트윗은"],"failureMessages":[],"fullName":"Tweet.js Tweet 컴포넌트 각 트윗은 트윗 생성 일자(yyyy. m. d.)가 있어야 합니다.","location":null,"status":"passed","title":"트윗 생성 일자(yyyy. m. d.)가 있어야 합니다."},{"ancestorTitles":["Tweet.js Tweet 컴포넌트","각 트윗은"],"failureMessages":[],"fullName":"Tweet.js Tweet 컴포넌트 각 트윗은 트윗 메시지가 있어야 합니다.","location":null,"status":"passed","title":"트윗 메시지가 있어야 합니다."},{"ancestorTitles":["Tweet.js Tweet 컴포넌트","dummyData 외 다른 트윗도 다룰 수 있어야 합니다."],"failureMessages":[],"fullName":"Tweet.js Tweet 컴포넌트 dummyData 외 다른 트윗도 다룰 수 있어야 합니다. 트윗 저자의 프로필 사진이 있어야 합니다.","location":null,"status":"passed","title":"트윗 저자의 프로필 사진이 있어야 합니다."},{"ancestorTitles":["Tweet.js Tweet 컴포넌트","dummyData 외 다른 트윗도 다룰 수 있어야 합니다."],"failureMessages":[],"fullName":"Tweet.js Tweet 컴포넌트 dummyData 외 다른 트윗도 다룰 수 있어야 합니다. 유져 이름이 있어야 합니다.","location":null,"status":"passed","title":"유져 이름이 있어야 합니다."},{"ancestorTitles":["Tweet.js Tweet 컴포넌트","dummyData 외 다른 트윗도 다룰 수 있어야 합니다."],"failureMessages":[],"fullName":"Tweet.js Tweet 컴포넌트 dummyData 외 다른 트윗도 다룰 수 있어야 합니다. 트윗 생성 일자(yyyy. m. d.) 가 있어야 합니다.","location":null,"status":"passed","title":"트윗 생성 일자(yyyy. m. d.) 가 있어야 합니다."},{"ancestorTitles":["Tweet.js Tweet 컴포넌트","dummyData 외 다른 트윗도 다룰 수 있어야 합니다."],"failureMessages":[],"fullName":"Tweet.js Tweet 컴포넌트 dummyData 외 다른 트윗도 다룰 수 있어야 합니다. 트윗 메시지가 있어야 합니다.","location":null,"status":"passed","title":"트윗 메시지가 있어야 합니다."},{"ancestorTitles":["About.js About 컴포넌트"],"failureMessages":[],"fullName":"About.js About 컴포넌트 About 컴포넌트의 자식 컴포넌트로 Footer 컴포넌트가 있어야 합니다.","location":null,"status":"passed","title":"About 컴포넌트의 자식 컴포넌트로 Footer 컴포넌트가 있어야 합니다."},{"ancestorTitles":["MyPage.js MyPage 컴포넌트"],"failureMessages":[],"fullName":"MyPage.js MyPage 컴포넌트 주어진 트윗 목록(dummyTweets) 중 현재 유저인 parkhacker의 트윗만 보여야 합니다.","location":null,"status":"passed","title":"주어진 트윗 목록(dummyTweets) 중 현재 유저인 parkhacker의 트윗만 보여야 합니다."},{"ancestorTitles":["MyPage.js MyPage 컴포넌트"],"failureMessages":[],"fullName":"MyPage.js MyPage 컴포넌트 MyPage 컴포넌트의 자식인 Tweet 컴포넌트에 props로 각 트윗의 정보(dummyTweets의 요소)가 전달되어야 합니다.","location":null,"status":"passed","title":"MyPage 컴포넌트의 자식인 Tweet 컴포넌트에 props로 각 트윗의 정보(dummyTweets의 요소)가 전달되어야 합니다."},{"ancestorTitles":["MyPage.js MyPage 컴포넌트"],"failureMessages":[],"fullName":"MyPage.js MyPage 컴포넌트 MyPage 컴포넌트의 자식 컴포넌트로 Footer 컴포넌트가 있어야 합니다.","location":null,"status":"passed","title":"MyPage 컴포넌트의 자식 컴포넌트로 Footer 컴포넌트가 있어야 합니다."},{"ancestorTitles":["Tweets.js Tweets 컴포넌트"],"failureMessages":[],"fullName":"Tweets.js Tweets 컴포넌트 하나의 트윗이 아니라, 주어진 트윗(dummyTweets) 개수에 맞게 보여줘야 합니다.","location":null,"status":"passed","title":"하나의 트윗이 아니라, 주어진 트윗(dummyTweets) 개수에 맞게 보여줘야 합니다."},{"ancestorTitles":["Tweets.js Tweets 컴포넌트"],"failureMessages":[],"fullName":"Tweets.js Tweets 컴포넌트 Tweets 컴포넌트의 자식 컴포넌트로 Footer 컴포넌트가 있어야 합니다.","location":null,"status":"passed","title":"Tweets 컴포넌트의 자식 컴포넌트로 Footer 컴포넌트가 있어야 합니다."},{"ancestorTitles":["App.js React Router 컴포넌트 적용"],"failureMessages":[],"fullName":"App.js React Router 컴포넌트 적용 Route path가 \"/\" 인 Tweets 컴포넌트가 있어야 합니다.","location":null,"status":"passed","title":"Route path가 \"/\" 인 Tweets 컴포넌트가 있어야 합니다."},{"ancestorTitles":["App.js React Router 컴포넌트 적용"],"failureMessages":[],"fullName":"App.js React Router 컴포넌트 적용 Route path가 \"/about\" 인 About 컴포넌트가 있어야 합니다.","location":null,"status":"passed","title":"Route path가 \"/about\" 인 About 컴포넌트가 있어야 합니다."},{"ancestorTitles":["App.js React Router 컴포넌트 적용"],"failureMessages":[],"fullName":"App.js React Router 컴포넌트 적용 Route path가 \"/mypage\" 인 MyPage 컴포넌트가 있어야 합니다.","location":null,"status":"passed","title":"Route path가 \"/mypage\" 인 MyPage 컴포넌트가 있어야 합니다."},{"ancestorTitles":["App.js React Router 컴포넌트 적용"],"failureMessages":[],"fullName":"App.js React Router 컴포넌트 적용 React Router의 Link 컴포넌트가 3개 있어야 합니다.","location":null,"status":"passed","title":"React Router의 Link 컴포넌트가 3개 있어야 합니다."},{"ancestorTitles":["App.js React Router 컴포넌트 적용"],"failureMessages":[],"fullName":"App.js React Router 컴포넌트 적용 Tweets 아이콘의 Link 컴포넌트는 \"/\" 로 연결되어야 합니다.","location":null,"status":"passed","title":"Tweets 아이콘의 Link 컴포넌트는 \"/\" 로 연결되어야 합니다."},{"ancestorTitles":["App.js React Router 컴포넌트 적용"],"failureMessages":[],"fullName":"App.js React Router 컴포넌트 적용 About 아이콘의 Link 컴포넌트는 \"/about\" 로 연결되어야 합니다.","location":null,"status":"passed","title":"About 아이콘의 Link 컴포넌트는 \"/about\" 로 연결되어야 합니다."},{"ancestorTitles":["App.js React Router 컴포넌트 적용"],"failureMessages":[],"fullName":"App.js React Router 컴포넌트 적용 MyPage 아이콘의 Link 컴포넌트는 \"/mypage\" 로 연결되어야 합니다.","location":null,"status":"passed","title":"MyPage 아이콘의 Link 컴포넌트는 \"/mypage\" 로 연결되어야 합니다."},{"ancestorTitles":["React Router로 SPA 구현하기"],"failureMessages":[],"fullName":"React Router로 SPA 구현하기 처음 접속 시, URL path가 \"/\" 이여야 합니다.","location":null,"status":"passed","title":"처음 접속 시, URL path가 \"/\" 이여야 합니다."},{"ancestorTitles":["React Router로 SPA 구현하기"],"failureMessages":[],"fullName":"React Router로 SPA 구현하기 About 메뉴를 누르면 URL path가 /about으로 라우트 되어야 합니다.","location":null,"status":"passed","title":"About 메뉴를 누르면 URL path가 /about으로 라우트 되어야 합니다."},{"ancestorTitles":["React Router로 SPA 구현하기"],"failureMessages":[],"fullName":"React Router로 SPA 구현하기 MyPage 메뉴를 누르면 URL path가 /mypage로 라우트 되어야 합니다.","location":null,"status":"passed","title":"MyPage 메뉴를 누르면 URL path가 /mypage로 라우트 되어야 합니다."},{"ancestorTitles":["Tweets.js 트윗 전송 폼 테스트"],"failureMessages":[],"fullName":"Tweets.js 트윗 전송 폼 테스트 유저 이름을 작성할 수 있는 input 엘리먼트가 있어야 합니다. (className : \"tweetForm__input--username\")","location":null,"status":"passed","title":"유저 이름을 작성할 수 있는 input 엘리먼트가 있어야 합니다. (className : \"tweetForm__input--username\")"},{"ancestorTitles":["Tweets.js 트윗 전송 폼 테스트"],"failureMessages":[],"fullName":"Tweets.js 트윗 전송 폼 테스트 트윗을 작성할 수 있는 textarea 엘리먼트가 있어야 합니다. (className : \"tweetForm__input--message\")","location":null,"status":"passed","title":"트윗을 작성할 수 있는 textarea 엘리먼트가 있어야 합니다. (className : \"tweetForm__input--message\")"},{"ancestorTitles":["Tweets.js 트윗 전송 폼 테스트"],"failureMessages":[],"fullName":"Tweets.js 트윗 전송 폼 테스트 트윗을 전송할 수 있는 button 엘리먼트가 있어야 합니다. (className : \"tweetForm__submitButton\")","location":null,"status":"passed","title":"트윗을 전송할 수 있는 button 엘리먼트가 있어야 합니다. (className : \"tweetForm__submitButton\")"},{"ancestorTitles":["Tweets.js 트윗 전송 폼 테스트"],"failureMessages":[],"fullName":"Tweets.js 트윗 전송 폼 테스트 <input>의 값이 변경될 때 onChange 이벤트 핸들러가 불려야 합니다.","location":null,"status":"passed","title":"<input>의 값이 변경될 때 onChange 이벤트 핸들러가 불려야 합니다."},{"ancestorTitles":["Tweets.js 트윗 전송 폼 테스트"],"failureMessages":[],"fullName":"Tweets.js 트윗 전송 폼 테스트 <textarea>의 값이 변경될 때 onChange 이벤트 핸들러가 불려야 합니다.","location":null,"status":"passed","title":"<textarea>의 값이 변경될 때 onChange 이벤트 핸들러가 불려야 합니다."},{"ancestorTitles":["Tweets.js 트윗 전송 폼 테스트"],"failureMessages":[],"fullName":"Tweets.js 트윗 전송 폼 테스트 <button>의 값이 변경될 때 onClick 이벤트 핸들러가 불려야 합니다.","location":null,"status":"passed","title":"<button>의 값이 변경될 때 onClick 이벤트 핸들러가 불려야 합니다."},{"ancestorTitles":["Tweets.js 트윗 전송 폼 테스트","유저 이름과 트윗을 작성하고, 트윗 버튼을 누르면 새로운 트윗이 추가되어야 합니다."],"failureMessages":[],"fullName":"Tweets.js 트윗 전송 폼 테스트 유저 이름과 트윗을 작성하고, 트윗 버튼을 누르면 새로운 트윗이 추가되어야 합니다. 기존 dummyTweets를 모두 보여줘야 합니다.","location":null,"status":"passed","title":"기존 dummyTweets를 모두 보여줘야 합니다."},{"ancestorTitles":["Tweets.js 트윗 전송 폼 테스트","유저 이름과 트윗을 작성하고, 트윗 버튼을 누르면 새로운 트윗이 추가되어야 합니다."],"failureMessages":[],"fullName":"Tweets.js 트윗 전송 폼 테스트 유저 이름과 트윗을 작성하고, 트윗 버튼을 누르면 새로운 트윗이 추가되어야 합니다. 새로 추가된 트윗을 포함하여 보여줘야 합니다.","location":null,"status":"passed","title":"새로 추가된 트윗을 포함하여 보여줘야 합니다."},{"ancestorTitles":["Tweets.js 트윗 전송 폼 테스트","유저 이름과 트윗을 작성하고, 트윗 버튼을 누르면 새로운 트윗이 추가되어야 합니다."],"failureMessages":[],"fullName":"Tweets.js 트윗 전송 폼 테스트 유저 이름과 트윗을 작성하고, 트윗 버튼을 누르면 새로운 트윗이 추가되어야 합니다. 새로 추가된 트윗이 최 상단에 위치하여야 합니다.","location":null,"status":"passed","title":"새로 추가된 트윗이 최 상단에 위치하여야 합니다."}],"endTime":1659424057188,"message":"","name":"/Users/kosmos/Desktop/Front/React/0802/fe-sprint-react-twittler-state-props/src/__tests__/App.test.js","startTime":1659424056069,"status":"passed","summary":""}],"wasInterrupted":false}